{"F:\\my-project\\week-3\\src\\commands\\ask.command.ts": {"path":"F:\\my-project\\week-3\\src\\commands\\ask.command.ts","statementMap":{"0":{"start":{"line":5,"column":13},"end":{"line":34,"column":null}},"1":{"start":{"line":6,"column":2},"end":{"line":33,"column":null}},"2":{"start":{"line":12,"column":12},"end":{"line":12,"column":null}},"3":{"start":{"line":14,"column":6},"end":{"line":32,"column":null}},"4":{"start":{"line":15,"column":21},"end":{"line":15,"column":null}},"5":{"start":{"line":16,"column":8},"end":{"line":16,"column":null}},"6":{"start":{"line":18,"column":8},"end":{"line":27,"column":null}},"7":{"start":{"line":19,"column":10},"end":{"line":19,"column":null}},"8":{"start":{"line":21,"column":10},"end":{"line":21,"column":null}},"9":{"start":{"line":22,"column":10},"end":{"line":22,"column":null}},"10":{"start":{"line":24,"column":10},"end":{"line":26,"column":null}},"11":{"start":{"line":25,"column":12},"end":{"line":25,"column":null}},"12":{"start":{"line":29,"column":8},"end":{"line":29,"column":null}},"13":{"start":{"line":30,"column":8},"end":{"line":30,"column":null}},"14":{"start":{"line":31,"column":8},"end":{"line":31,"column":null}}},"fnMap":{"0":{"name":"(anonymous_0)","decl":{"start":{"line":5,"column":13},"end":{"line":5,"column":27}},"loc":{"start":{"line":5,"column":48},"end":{"line":34,"column":null}},"line":5},"1":{"name":"(anonymous_1)","decl":{"start":{"line":11,"column":12},"end":{"line":11,"column":19}},"loc":{"start":{"line":11,"column":41},"end":{"line":33,"column":5}},"line":11}},"branchMap":{"0":{"loc":{"start":{"line":18,"column":8},"end":{"line":27,"column":null}},"type":"if","locations":[{"start":{"line":18,"column":8},"end":{"line":27,"column":null}},{"start":{"line":20,"column":15},"end":{"line":27,"column":null}}],"line":18},"1":{"loc":{"start":{"line":24,"column":10},"end":{"line":26,"column":null}},"type":"if","locations":[{"start":{"line":24,"column":10},"end":{"line":26,"column":null}},{"start":{},"end":{}}],"line":24}},"s":{"0":1,"1":5,"2":5,"3":5,"4":5,"5":4,"6":4,"7":1,"8":3,"9":3,"10":3,"11":1,"12":1,"13":1,"14":1},"f":{"0":5,"1":5},"b":{"0":[1,3],"1":[1,2]},"meta":{"lastBranch":2,"lastFunction":2,"lastStatement":15,"seen":{"s:5:13:34:Infinity":0,"f:5:13:5:27":0,"s:6:2:33:Infinity":1,"f:11:12:11:19":1,"s:12:12:12:Infinity":2,"s:14:6:32:Infinity":3,"s:15:21:15:Infinity":4,"s:16:8:16:Infinity":5,"b:18:8:27:Infinity:20:15:27:Infinity":0,"s:18:8:27:Infinity":6,"s:19:10:19:Infinity":7,"s:21:10:21:Infinity":8,"s:22:10:22:Infinity":9,"b:24:10:26:Infinity:undefined:undefined:undefined:undefined":1,"s:24:10:26:Infinity":10,"s:25:12:25:Infinity":11,"s:29:8:29:Infinity":12,"s:30:8:30:Infinity":13,"s:31:8:31:Infinity":14}}}
,"F:\\my-project\\week-3\\src\\services\\kb.service.ts": {"path":"F:\\my-project\\week-3\\src\\services\\kb.service.ts","statementMap":{"0":{"start":{"line":3,"column":12},"end":{"line":6,"column":null}},"1":{"start":{"line":14,"column":27},"end":{"line":31,"column":null}},"2":{"start":{"line":15,"column":18},"end":{"line":15,"column":null}},"3":{"start":{"line":17,"column":2},"end":{"line":30,"column":null}},"4":{"start":{"line":18,"column":16},"end":{"line":18,"column":null}},"5":{"start":{"line":19,"column":4},"end":{"line":21,"column":null}},"6":{"start":{"line":20,"column":6},"end":{"line":20,"column":null}},"7":{"start":{"line":22,"column":4},"end":{"line":26,"column":null}},"8":{"start":{"line":28,"column":19},"end":{"line":28,"column":null}},"9":{"start":{"line":29,"column":4},"end":{"line":29,"column":null}}},"fnMap":{"0":{"name":"(anonymous_0)","decl":{"start":{"line":14,"column":27},"end":{"line":14,"column":34}},"loc":{"start":{"line":14,"column":76},"end":{"line":31,"column":null}},"line":14}},"branchMap":{"0":{"loc":{"start":{"line":19,"column":4},"end":{"line":21,"column":null}},"type":"if","locations":[{"start":{"line":19,"column":4},"end":{"line":21,"column":null}},{"start":{},"end":{}}],"line":19},"1":{"loc":{"start":{"line":29,"column":33},"end":{"line":29,"column":53}},"type":"binary-expr","locations":[{"start":{"line":29,"column":33},"end":{"line":29,"column":43}},{"start":{"line":29,"column":43},"end":{"line":29,"column":53}}],"line":29}},"s":{"0":2,"1":2,"2":5,"3":5,"4":5,"5":4,"6":1,"7":3,"8":2,"9":2},"f":{"0":5},"b":{"0":[1,3],"1":[2,1]},"meta":{"lastBranch":2,"lastFunction":1,"lastStatement":10,"seen":{"s:3:12:6:Infinity":0,"s:14:27:31:Infinity":1,"f:14:27:14:34":0,"s:15:18:15:Infinity":2,"s:17:2:30:Infinity":3,"s:18:16:18:Infinity":4,"b:19:4:21:Infinity:undefined:undefined:undefined:undefined":0,"s:19:4:21:Infinity":5,"s:20:6:20:Infinity":6,"s:22:4:26:Infinity":7,"s:28:19:28:Infinity":8,"s:29:4:29:Infinity":9,"b:29:33:29:43:29:43:29:53":1}}}
}
